ERROR:root:Error converting /file_storage/film_storage/A/A.Good.Year.2006.Hybrid.1080p.Open.Matte.BLUEBIRD.mkv: None
2024-04-25 00:28:42,038:ERROR:Error converting /file_storage/film_storage/A/A.Good.Year.2006.Hybrid.1080p.Open.Matte.BLUEBIRD.mkv: Command '['ffmpeg', '-i', '/file_storage/film_storage/A/A.Good.Year.2006.Hybrid.1080p.Open.Matte.BLUEBIRD.mkv', '-c:v', 'libx264', '-c:a', 'ac3', '-map', '0:v:0', '-map', '0:s', '-map', '0:a:0', '-b:v', '4096k', '-b:a', '192k', '-preset:v', 'ultrafast', '-strict', 'experimental', '-movflags', '+faststart', '/file_storage/film_storage/A/A.Good.Year.2006.Hybrid.1080p.Open.Matte.BLUEBIRD.mp4']' returned non-zero exit status 1.
2024-04-25 00:44:14,067:ERROR:Program interrupted manually
2024-04-25 00:50:36,903:ERROR:Program interrupted manually
2024-04-25 00:56:53,735:ERROR:Program interrupted manually
2024-04-25 00:56:53,742:ERROR:Error converting /file_storage/film_storage/A/A.Good.Year.2006.Hybrid.1080p.Open.Matte.BLUEBIRD.mkv: no such table: Interruptions
2024-04-25 00:59:43,531:ERROR:Program interrupted manually
2024-04-25 00:59:43,539:ERROR:Error converting /file_storage/film_storage/A/A.Good.Year.2006.Hybrid.1080p.Open.Matte.BLUEBIRD.mkv: 'ConvertTask' object has no attribute 'output_files_to_remove'
2024-04-25 01:03:55,476:ERROR:Program interrupted manually
2024-04-25 01:10:42,564:ERROR:Error converting /file_storage/film_storage/A/A.Good.Year.2006.Hybrid.1080p.Open.Matte.BLUEBIRD.mkv: Command '['ffmpeg', '-i', '/file_storage/film_storage/A/A.Good.Year.2006.Hybrid.1080p.Open.Matte.BLUEBIRD.mkv', '-c:v', 'libx264', '-c:a', 'ac3', '-map', '0:v:0', '-map', '0:a:0', '-b:v', '4096k', '-b:a', '192k', '-preset:v', 'ultrafast', '-strict', 'experimental', '-movflags', '+faststart', '/file_storage/film_storage/A/A.Good.Year.2006.Hybrid.1080p.Open.Matte.BLUEBIRD.mp4']' returned non-zero exit status 1.
2024-04-25 01:13:07,218:ERROR:Program interrupted manually
2024-04-25 01:15:35,356:ERROR:Error converting /file_storage/film_storage/A/A.Good.Year.2006.Hybrid.1080p.Open.Matte.BLUEBIRD.mkv: Command '['ffmpeg', '-i', '/file_storage/film_storage/A/A.Good.Year.2006.Hybrid.1080p.Open.Matte.BLUEBIRD.mkv', '-c:v', 'libx264', '-c:a', 'ac3', '-map', '0:v:0', '-map', '0:a:0', '-b:v', '4096k', '-b:a', '192k', '-preset:v', 'ultrafast', '-strict', 'experimental', '-movflags', '+faststart', '/file_storage/film_storage/A/A.Good.Year.2006.Hybrid.1080p.Open.Matte.BLUEBIRD.mp4']' returned non-zero exit status 1.
2024-04-25 01:20:56,925:ERROR:Program interrupted manually
2024-04-25 01:22:31,250:ERROR:Error converting /file_storage/film_storage/A/A.Good.Year.2006.Hybrid.1080p.Open.Matte.BLUEBIRD.mkv: Command '['ffmpeg', '-i', '/file_storage/film_storage/A/A.Good.Year.2006.Hybrid.1080p.Open.Matte.BLUEBIRD.mkv', '-c:v', 'libx264', '-c:a', 'ac3', '-map', '0:v:0', '-map', '0:a:0', '-b:v', '4096k', '-b:a', '192k', '-preset:v', 'ultrafast', '-strict', 'experimental', '-movflags', '+faststart', '/file_storage/film_storage/A/A.Good.Year.2006.Hybrid.1080p.Open.Matte.BLUEBIRD.mp4']' returned non-zero exit status 1.
2024-04-25 01:24:30,599:ERROR:Program interrupted manually
2024-04-25 01:29:58,355:ERROR:Error converting /file_storage/film_storage/A/A.Good.Year.2006.Hybrid.1080p.Open.Matte.BLUEBIRD.mkv: Command '['ffmpeg', '-i', '/file_storage/film_storage/A/A.Good.Year.2006.Hybrid.1080p.Open.Matte.BLUEBIRD.mkv', '-c:v', 'libx264', '-c:a', 'ac3', '-map', '0:v:0', '-map', '0:a:0', '-b:v', '4096k', '-b:a', '192k', '-preset:v', 'ultrafast', '-strict', 'experimental', '-movflags', '+faststart', '/file_storage/film_storage/A/A.Good.Year.2006.Hybrid.1080p.Open.Matte.BLUEBIRD.mp4']' returned non-zero exit status 1.
2024-04-25 01:30:03,313:ERROR:Program interrupted manually
2024-04-25 01:34:25,062:ERROR:Error converting /file_storage/film_storage/A/A.Good.Year.2006.Hybrid.1080p.Open.Matte.BLUEBIRD.mkv: Command '['ffmpeg', '-i', '/file_storage/film_storage/A/A.Good.Year.2006.Hybrid.1080p.Open.Matte.BLUEBIRD.mkv', '-c:v', 'libx264', '-c:a', 'ac3', '-map', '0:v:0', '-map', '0:a:0', '-b:v', '4096k', '-b:a', '192k', '-preset:v', 'ultrafast', '-strict', 'experimental', '-movflags', '+faststart', '/file_storage/film_storage/A/A.Good.Year.2006.Hybrid.1080p.Open.Matte.BLUEBIRD.mp4']' returned non-zero exit status 1.
2024-04-25 01:36:04,506:ERROR:Error converting /file_storage/film_storage/A/A.Good.Year.2006.Hybrid.1080p.Open.Matte.BLUEBIRD.mkv: Command '['ffmpeg', '-i', '/file_storage/film_storage/A/A.Good.Year.2006.Hybrid.1080p.Open.Matte.BLUEBIRD.mkv', '-c:v', 'libx264', '-c:a', 'ac3', '-map', '0:v:0', '-map', '0:a:0', '-b:v', '4096k', '-b:a', '192k', '-preset:v', 'ultrafast', '-strict', 'experimental', '-movflags', '+faststart', '/file_storage/film_storage/A/A.Good.Year.2006.Hybrid.1080p.Open.Matte.BLUEBIRD.mp4']' returned non-zero exit status 1.
2024-04-25 01:36:09,126:ERROR:Program interrupted manually
2024-04-25 01:38:51,852:ERROR:/file_storage/film_storage/A/A.Good.Year.2006.Hybrid.1080p.Open.Matte.BLUEBIRD.mkv: Command '['ffmpeg', '-i', '/file_storage/film_storage/A/A.Good.Year.2006.Hybrid.1080p.Open.Matte.BLUEBIRD.mkv', '-c:v', 'libx264', '-c:a', 'ac3', '-map', '0:v:0', '-map', '0:a:0', '-b:v', '4096k', '-b:a', '192k', '-preset:v', 'ultrafast', '-strict', 'experimental', '-movflags', '+faststart', '/file_storage/film_storage/A/A.Good.Year.2006.Hybrid.1080p.Open.Matte.BLUEBIRD.mp4']' returned non-zero exit status 1.
2024-04-25 01:38:56,408:ERROR:Program interrupted manually
2024-04-25 01:40:42,219:ERROR:/file_storage/film_storage/A/A.Good.Year.2006.Hybrid.1080p.Open.Matte.BLUEBIRD.mkv: Command '['ffmpeg', '-i', '/file_storage/film_storage/A/A.Good.Year.2006.Hybrid.1080p.Open.Matte.BLUEBIRD.mkv', '-c:v', 'libx264', '-c:a', 'ac3', '-map', '0:v:0', '-map', '0:a:0', '-b:v', '4096k', '-b:a', '192k', '-preset:v', 'ultrafast', '-strict', 'experimental', '-movflags', '+faststart', '/file_storage/film_storage/A/A.Good.Year.2006.Hybrid.1080p.Open.Matte.BLUEBIRD.mp4']' returned non-zero exit status 1.
2024-04-25 01:40:46,670:ERROR:Program interrupted manually
2024-04-25 01:41:43,419:ERROR:/file_storage/film_storage/A/A.Good.Year.2006.Hybrid.1080p.Open.Matte.BLUEBIRD.mkv: Command '['ffmpeg', '-i', '/file_storage/film_storage/A/A.Good.Year.2006.Hybrid.1080p.Open.Matte.BLUEBIRD.mkv', '-c:v', 'libx264', '-c:a', 'ac3', '-map', '0:v:0', '-map', '0:a:0', '-b:v', '4096k', '-b:a', '192k', '-preset:v', 'ultrafast', '-strict', 'experimental', '-movflags', '+faststart', '/file_storage/film_storage/A/A.Good.Year.2006.Hybrid.1080p.Open.Matte.BLUEBIRD.mp4']' returned non-zero exit status 1.
2024-04-25 01:41:48,737:ERROR:Program interrupted manually
2024-04-25 01:53:13,675:ERROR:/file_storage/film_storage/A/A.Good.Year.2006.Hybrid.1080p.Open.Matte.BLUEBIRD.mkv: Command '['ffmpeg', '-i', '/file_storage/film_storage/A/A.Good.Year.2006.Hybrid.1080p.Open.Matte.BLUEBIRD.mkv', '-c:v', 'libx264', '-c:a', 'ac3', '-map', '0:v:0', '-map', '0:a:0', '-b:v', '4096k', '-b:a', '192k', '-preset:v', 'ultrafast', '-strict', 'experimental', '-movflags', '+faststart', '/file_storage/film_storage/A/A.Good.Year.2006.Hybrid.1080p.Open.Matte.BLUEBIRD.mp4']' returned non-zero exit status 1.
2024-04-25 01:53:18,056:ERROR:Program interrupted manually
2024-04-27 01:06:49,475:ERROR:Program interrupted manually
2024-04-27 01:09:53,304:ERROR:/file_storage/film_storage/A/A.Good.Year.2006.Hybrid.1080p.Open.Matte.BLUEBIRD.mkv: ConvertTask.signal_handler() missing 2 required positional arguments: 'db_file' and 'films_id'
2024-04-27 01:14:32,062:ERROR:Program interrupted manually
2024-04-27 01:14:41,602:ERROR:Program interrupted manually
2024-04-27 01:22:18,075:ERROR:Program interrupted manually
2024-04-27 01:22:42,521:ERROR:Program interrupted manually
2024-04-27 02:35:21,582:ERROR:Program interrupted manually
2024-04-27 02:36:20,154:ERROR:/file_storage/film_storage/A/A.Good.Year.2006.Hybrid.1080p.Open.Matte.BLUEBIRD.mkv: Command '['ffmpeg', '-i', '/file_storage/film_storage/A/A.Good.Year.2006.Hybrid.1080p.Open.Matte.BLUEBIRD.mkv', '-c:v', 'libx264', '-c:a', 'ac3', '-map', '0:v:0', '-map', '0:a:0', '-b:v', '4096k', '-b:a', '192k', '-preset:v', 'ultrafast', '-strict', 'experimental', '-movflags', '+faststart', '/file_storage/film_storage/A/A.Good.Year.2006.Hybrid.1080p.Open.Matte.BLUEBIRD.mp4']' returned non-zero exit status 1.
2024-04-27 04:25:32,892:ERROR:/file_storage/film_storage/A/A.Good.Year.2006.Hybrid.1080p.Open.Matte.BLUEBIRD.mkv: Command '['ffmpeg', '-i', '/file_storage/film_storage/A/A.Good.Year.2006.Hybrid.1080p.Open.Matte.BLUEBIRD.mkv', '-c:v', 'libx264', '-c:a', 'ac3', '-map', '0:v:0', '-map', '0:a:0', '-b:v', '4096k', '-b:a', '192k', '-preset:v', 'ultrafast', '-strict', 'experimental', '-movflags', '+faststart', '/file_storage/film_storage/A/A.Good.Year.2006.Hybrid.1080p.Open.Matte.BLUEBIRD.mp4']' returned non-zero exit status 1.
2024-04-27 04:29:54,872:ERROR:/file_storage/film_storage/A/A.Good.Year.2006.Hybrid.1080p.Open.Matte.BLUEBIRD.mkv: Error running ffmpeg: Command '['ffmpeg', '-i', '/file_storage/film_storage/A/A.Good.Year.2006.Hybrid.1080p.Open.Matte.BLUEBIRD.mkv', '-c:v', 'libx264', '-c:a', 'ac3', '-map', '0:v:0', '-map', '0:a:0', '-b:v', '4096k', '-b:a', '192k', '-preset:v', 'ultrafast', '-strict', 'experimental', '-movflags', '+faststart', '/file_storage/film_storage/A/A.Good.Year.2006.Hybrid.1080p.Open.Matte.BLUEBIRD.mp4']' returned non-zero exit status 1.
